<?xml version="1.0" encoding="UTF-8"?>
<!-- Generated by org.testng.reporters.JUnitReportReporter -->
<testsuite skipped="0" hostname="2K2C5M2" name="com.payroll.test.TestEmployeeDetails" tests="2" failures="0" timestamp="03 Nov 2019 20:52:16 GMT" time="0.000" errors="0">
  <testcase name="testCalculateAnnualSalary" time="0.000" classname="com.payroll.test.TestEmployeeDetails"/>
  <testcase name="testCalculateAppraisal" time="0.000" classname="com.payroll.test.TestEmployeeDetails"/>
</testsuite> <!-- com.payroll.test.TestEmployeeDetails -->
