<?xml version="1.0" encoding="UTF-8"?>
<!-- Generated by org.testng.reporters.JUnitReportReporter -->
<testsuite skipped="1" hostname="2K2C5M2" name="io.automation.test.TestExample" tests="2" failures="0" timestamp="03 Nov 2019 20:52:16 GMT" time="0.001" errors="0">
  <testcase name="test" time="0.001" classname="io.automation.test.TestExample"/>
  <testcase name="ignoredTest" classname="io.automation.test.TestExample">
    <skipped/>
  </testcase> <!-- ignoredTest -->
</testsuite> <!-- io.automation.test.TestExample -->
