<?xml version="1.0" encoding="UTF-8"?>
<!-- Generated by org.testng.reporters.JUnitReportReporter -->
<testsuite skipped="0" hostname="2K2C5M2" name="com.math.experiment.test.TestPrimeNumberGenerator" tests="5" failures="0" timestamp="03 Nov 2019 21:44:41 GMT" time="10.050" errors="0">
  <testcase name="testPrimeNumberGenerator" time="2.010" classname="com.math.experiment.test.TestPrimeNumberGenerator"/>
  <testcase name="testPrimeNumberGenerator" time="2.010" classname="com.math.experiment.test.TestPrimeNumberGenerator"/>
  <testcase name="testPrimeNumberGenerator" time="2.010" classname="com.math.experiment.test.TestPrimeNumberGenerator"/>
  <testcase name="testPrimeNumberGenerator" time="2.010" classname="com.math.experiment.test.TestPrimeNumberGenerator"/>
  <testcase name="testPrimeNumberGenerator" time="2.010" classname="com.math.experiment.test.TestPrimeNumberGenerator"/>
</testsuite> <!-- com.math.experiment.test.TestPrimeNumberGenerator -->
