<?xml version="1.0" encoding="UTF-8"?>
<!-- Generated by org.testng.reporters.JUnitReportReporter -->
<testsuite skipped="0" hostname="2K2C5M2" name="com.messaging.utils.TestMessenger" tests="2" failures="0" timestamp="03 Nov 2019 20:52:16 GMT" time="0.010" errors="0">
  <testcase name="testMessenger" time="0.000" classname="com.messaging.utils.TestMessenger"/>
  <testcase name="testMessenger" time="0.010" classname="com.messaging.utils.TestMessenger"/>
</testsuite> <!-- com.messaging.utils.TestMessenger -->
